<?xml version="1.0" encoding="UTF-8"?>
<!-- Generated by org.testng.reporters.JUnitReportReporter -->
<testsuite hostname="LAPTOP-I1NJ5AM8" failures="0" tests="1" name="Testpkg.Fblogintest" time="2.199" errors="0" timestamp="2024-03-26T11:16:38 IST" skipped="0">
  <testcase classname="Testpkg.Fblogintest" name="verifyloginwithvalidcred" time="2.199"/>
</testsuite> <!-- Testpkg.Fblogintest -->
